<?xml version="1.0" encoding="UTF-8"?>
<!-- Generated by org.testng.reporters.JUnitXMLReporter -->
<testsuite ignored="0" hostname="LAPTOP-3B7J3G9G" failures="0" tests="4" name="Default test" time="13.544" errors="0" timestamp="2021-06-09T12:16:56 IST">
  <testcase classname="com.spacex.test.GetSpaceXLatestLaunches" name="getSpaceXLaunchLatestTest" time="7.516"/>
  <testcase classname="com.spacex.test.GetSpaceXLatestLaunches" name="getSpaceXInvalidURLTest" time="1.224"/>
  <testcase classname="com.spacex.test.GetSpaceXLatestLaunches" name="verifySpaceXLaunchDetailsTest" time="3.374"/>
  <testcase classname="com.spacex.test.GetSpaceXLatestLaunches" name="getSpaceXLaunchLatestWithHeader" time="1.234"/>
</testsuite> <!-- Default test -->
