<?xml version="1.0" encoding="UTF-8"?>
<!-- Generated by org.testng.reporters.JUnitXMLReporter -->
<testsuite ignored="0" hostname="LAPTOP-3B7J3G9G" failures="0" tests="4" name="Report Test" time="12.449" errors="0" timestamp="2021-06-09T00:47:56 IST">
  <testcase classname="getRequest.GetSpaceX" name="getSpaceXInvalidURL" time="6.717"/>
  <testcase classname="getRequest.GetSpaceX" name="getSpaceXLaunchDetails" time="3.399"/>
  <testcase classname="getRequest.GetSpaceX" name="getSpaceXLaunchLatest" time="0.979"/>
  <testcase classname="getRequest.GetSpaceX" name="getSpaceXLaunchLatestWithHeader" time="1.169"/>
</testsuite> <!-- Report Test -->
