<?xml version="1.0" encoding="UTF-8"?>
<testng-results ignored="0" total="4" passed="4" failed="0" skipped="0">
  <reporter-output>
  </reporter-output>
  <suite started-at="2021-06-09T12:16:43 IST" name="Default suite" finished-at="2021-06-09T12:16:56 IST" duration-ms="13544">
    <groups>
    </groups>
    <test started-at="2021-06-09T12:16:43 IST" name="Default test" finished-at="2021-06-09T12:16:56 IST" duration-ms="13544">
      <class name="com.spacex.test.GetSpaceXLatestLaunches">
        <test-method signature="getSpaceXLaunchLatestTest()[pri:1, instance:com.spacex.test.GetSpaceXLatestLaunches@2beee7ff]" started-at="2021-06-09T12:16:43 IST" name="getSpaceXLaunchLatestTest" finished-at="2021-06-09T12:16:50 IST" duration-ms="7516" status="PASS">
          <reporter-output>
          </reporter-output>
        </test-method> <!-- getSpaceXLaunchLatestTest -->
        <test-method signature="getSpaceXInvalidURLTest()[pri:2, instance:com.spacex.test.GetSpaceXLatestLaunches@2beee7ff]" started-at="2021-06-09T12:16:50 IST" name="getSpaceXInvalidURLTest" finished-at="2021-06-09T12:16:52 IST" duration-ms="1224" status="PASS">
          <reporter-output>
          </reporter-output>
        </test-method> <!-- getSpaceXInvalidURLTest -->
        <test-method signature="verifySpaceXLaunchDetailsTest()[pri:3, instance:com.spacex.test.GetSpaceXLatestLaunches@2beee7ff]" started-at="2021-06-09T12:16:52 IST" name="verifySpaceXLaunchDetailsTest" finished-at="2021-06-09T12:16:55 IST" duration-ms="3374" status="PASS">
          <reporter-output>
          </reporter-output>
        </test-method> <!-- verifySpaceXLaunchDetailsTest -->
        <test-method signature="getSpaceXLaunchLatestWithHeader()[pri:4, instance:com.spacex.test.GetSpaceXLatestLaunches@2beee7ff]" started-at="2021-06-09T12:16:55 IST" name="getSpaceXLaunchLatestWithHeader" finished-at="2021-06-09T12:16:56 IST" duration-ms="1234" status="PASS">
          <reporter-output>
          </reporter-output>
        </test-method> <!-- getSpaceXLaunchLatestWithHeader -->
      </class> <!-- com.spacex.test.GetSpaceXLatestLaunches -->
    </test> <!-- Default test -->
  </suite> <!-- Default suite -->
</testng-results>
